<?xml version="1.0" encoding="UTF-8"?><testrun name="CarzOnlineFacadeTest" project="CarzOnlineClient" tests="5" started="5" failures="1" errors="0" ignored="0">
  <testsuite name="com.utkcorp.carzonline.client.controllers.test.CarzOnlineFacadeTest" time="10.895">
    <testcase name="checkLoginPageAvailable" classname="com.utkcorp.carzonline.client.controllers.test.CarzOnlineFacadeTest" time="8.052"/>
    <testcase name="checkHomepageAvailable" classname="com.utkcorp.carzonline.client.controllers.test.CarzOnlineFacadeTest" time="1.504"/>
    <testcase name="checkLoginFailurePageAvailable" classname="com.utkcorp.carzonline.client.controllers.test.CarzOnlineFacadeTest" time="0.759">
      <failure>java.lang.AssertionError: Status expected:&lt;200&gt; but was:&lt;302&gt;&#13;
	at org.springframework.test.util.AssertionErrors.fail(AssertionErrors.java:54)&#13;
	at org.springframework.test.util.AssertionErrors.assertEquals(AssertionErrors.java:81)&#13;
	at org.springframework.test.web.servlet.result.StatusResultMatchers$10.match(StatusResultMatchers.java:664)&#13;
	at org.springframework.test.web.servlet.MockMvc$1.andExpect(MockMvc.java:171)&#13;
	at com.utkcorp.carzonline.client.controllers.test.CarzOnlineFacadeTest.checkLoginFailurePageAvailable(CarzOnlineFacadeTest.java:41)&#13;
	at sun.reflect.NativeMethodAccessorImpl.invoke0(Native Method)&#13;
	at sun.reflect.NativeMethodAccessorImpl.invoke(NativeMethodAccessorImpl.java:62)&#13;
	at sun.reflect.DelegatingMethodAccessorImpl.invoke(DelegatingMethodAccessorImpl.java:43)&#13;
	at java.lang.reflect.Method.invoke(Method.java:498)&#13;
	at org.junit.runners.model.FrameworkMethod$1.runReflectiveCall(FrameworkMethod.java:50)&#13;
	at org.junit.internal.runners.model.ReflectiveCallable.run(ReflectiveCallable.java:12)&#13;
	at org.junit.runners.model.FrameworkMethod.invokeExplosively(FrameworkMethod.java:47)&#13;
	at org.junit.internal.runners.statements.InvokeMethod.evaluate(InvokeMethod.java:17)&#13;
	at org.junit.internal.runners.statements.RunBefores.evaluate(RunBefores.java:26)&#13;
	at org.springframework.test.context.junit4.statements.RunBeforeTestMethodCallbacks.evaluate(RunBeforeTestMethodCallbacks.java:75)&#13;
	at org.springframework.test.context.junit4.statements.RunAfterTestMethodCallbacks.evaluate(RunAfterTestMethodCallbacks.java:86)&#13;
	at org.springframework.test.context.junit4.statements.SpringRepeat.evaluate(SpringRepeat.java:84)&#13;
	at org.junit.runners.ParentRunner.runLeaf(ParentRunner.java:325)&#13;
	at org.springframework.test.context.junit4.SpringJUnit4ClassRunner.runChild(SpringJUnit4ClassRunner.java:252)&#13;
	at org.springframework.test.context.junit4.SpringJUnit4ClassRunner.runChild(SpringJUnit4ClassRunner.java:94)&#13;
	at org.junit.runners.ParentRunner$3.run(ParentRunner.java:290)&#13;
	at org.junit.runners.ParentRunner$1.schedule(ParentRunner.java:71)&#13;
	at org.junit.runners.ParentRunner.runChildren(ParentRunner.java:288)&#13;
	at org.junit.runners.ParentRunner.access$000(ParentRunner.java:58)&#13;
	at org.junit.runners.ParentRunner$2.evaluate(ParentRunner.java:268)&#13;
	at org.springframework.test.context.junit4.statements.RunBeforeTestClassCallbacks.evaluate(RunBeforeTestClassCallbacks.java:61)&#13;
	at org.springframework.test.context.junit4.statements.RunAfterTestClassCallbacks.evaluate(RunAfterTestClassCallbacks.java:70)&#13;
	at org.junit.runners.ParentRunner.run(ParentRunner.java:363)&#13;
	at org.springframework.test.context.junit4.SpringJUnit4ClassRunner.run(SpringJUnit4ClassRunner.java:191)&#13;
	at org.eclipse.jdt.internal.junit4.runner.JUnit4TestReference.run(JUnit4TestReference.java:86)&#13;
	at org.eclipse.jdt.internal.junit.runner.TestExecution.run(TestExecution.java:38)&#13;
	at org.eclipse.jdt.internal.junit.runner.RemoteTestRunner.runTests(RemoteTestRunner.java:459)&#13;
	at org.eclipse.jdt.internal.junit.runner.RemoteTestRunner.runTests(RemoteTestRunner.java:678)&#13;
	at org.eclipse.jdt.internal.junit.runner.RemoteTestRunner.run(RemoteTestRunner.java:382)&#13;
	at org.eclipse.jdt.internal.junit.runner.RemoteTestRunner.main(RemoteTestRunner.java:192)&#13;
&#13;
</failure>
    </testcase>
    <testcase name="checkLogoutPageAvailable" classname="com.utkcorp.carzonline.client.controllers.test.CarzOnlineFacadeTest" time="0.23"/>
    <testcase name="checkServiceDeniedPageAvailable" classname="com.utkcorp.carzonline.client.controllers.test.CarzOnlineFacadeTest" time="0.348"/>
  </testsuite>
</testrun>
